app/build/outputs/logs/manifest-merger-debug-report.txt
-- Merging decision tree log ---
manifest
ADDED from src\main\AndroidManifest.xml:2:1-105:12
INJECTED from src\main\AndroidManifest.xml:2:1-105:12
INJECTED from src\main\AndroidManifest.xml:2:1-105:12
INJECTED from src\main\AndroidManifest.xml:2:1-105:12
MERGED from [com.github.rey5137:material:1.2.5] AndroidManifest.xml:2:1-11:12
MERGED from [androidx.navigation:navigation-ui:2.2.2] AndroidManifest.xml:17:1-24:12
MERGED from [com.google.android.material:material:1.1.0] AndroidManifest.xml:17:1-24:12
MERGED from [com.theartofdev.edmodo:android-image-cropper:2.7.0] AndroidManifest.xml:2:1-11:12
MERGED from [androidx.preference:preference:1.1.0-alpha05] AndroidManifest.xml:17:1-22:12
MERGED from [com.cepheuen.elegant-number-button:lib:1.0.2] AndroidManifest.xml:2:1-19:12
MERGED from [com.nex3z:notification-badge:1.0.2] AndroidManifest.xml:2:1-13:12
MERGED from [com.airbnb.android:lottie:3.4.0] AndroidManifest.xml:2:1-11:12
MERGED from [com.github.florent37:materialtextfield:1.0.7] AndroidManifest.xml:2:1-12:12
MERGED from [androidx.appcompat:appcompat:1.1.0] AndroidManifest.xml:17:1-24:12
MERGED from [androidx.constraintlayout:constraintlayout:1.1.3] AndroidManifest.xml:2:1-11:12
MERGED from [com.google.firebase:firebase-core:17.4.0] AndroidManifest.xml:2:1-9:12
MERGED from [com.firebaseui:firebase-ui-database:3.2.2] AndroidManifest.xml:2:1-13:12
MERGED from [com.google.firebase:firebase-database:19.3.0] AndroidManifest.xml:15:1-38:12
MERGED from [com.google.firebase:firebase-auth:19.3.1] AndroidManifest.xml:17:1-42:12
MERGED from [com.google.firebase:firebase-storage:19.1.1] AndroidManifest.xml:15:1-39:12
MERGED from [com.squareup.picasso:picasso:2.71828] AndroidManifest.xml:2:1-14:12
MERGED from [androidx.cardview:cardview:1.0.0] AndroidManifest.xml:17:1-22:12
MERGED from [androidx.viewpager2:viewpager2:1.0.0] AndroidManifest.xml:17:1-24:12
MERGED from [androidx.recyclerview:recyclerview:1.1.0] AndroidManifest.xml:17:1-24:12
MERGED from [io.paperdb:paperdb:2.6] AndroidManifest.xml:2:1-14:12
MERGED from [de.hdodenhof:circleimageview:2.2.0] AndroidManifest.xml:2:1-11:12
MERGED from [androidx.legacy:legacy-support-v4:1.0.0] AndroidManifest.xml:17:1-22:12
MERGED from [androidx.lifecycle:lifecycle-extensions:2.2.0] AndroidManifest.xml:17:1-27:12
MERGED from [androidx.navigation:navigation-fragment:2.2.2] AndroidManifest.xml:17:1-24:12
MERGED from [com.google.android.gms:play-services-maps:17.0.0] AndroidManifest.xml:17:1-38:12
MERGED from [androidx.appcompat:appcompat-resources:1.1.0] AndroidManifest.xml:17:1-24:12
MERGED from [androidx.legacy:legacy-support-core-ui:1.0.0] AndroidManifest.xml:17:1-22:12
MERGED from [androidx.drawerlayout:drawerlayout:1.0.0] AndroidManifest.xml:17:1-22:12
MERGED from [com.google.firebase:firebase-auth-interop:19.0.0] AndroidManifest.xml:2:1-10:12
MERGED from [com.google.firebase:firebase-analytics:17.4.0] AndroidManifest.xml:2:1-9:12
MERGED from [com.google.android.gms:play-services-measurement-api:17.4.0] AndroidManifest.xml:17:1-36:12
MERGED from [com.google.firebase:firebase-iid:20.1.5] AndroidManifest.xml:17:1-47:12
MERGED from [com.google.firebase:firebase-installations:16.2.1] AndroidManifest.xml:2:1-23:12
MERGED from [com.google.firebase:firebase-common:19.3.0] AndroidManifest.xml:15:1-39:12
MERGED from [com.google.firebase:firebase-database-collection:17.0.1] AndroidManifest.xml:2:1-9:12
MERGED from [com.google.firebase:firebase-iid-interop:17.0.0] AndroidManifest.xml:2:1-10:12
MERGED from [com.google.android.gms:play-services-base:17.1.0] AndroidManifest.xml:17:1-29:12
MERGED from [com.google.firebase:firebase-installations-interop:16.0.0] AndroidManifest.xml:15:1-23:12
MERGED from [com.google.android.gms:play-services-tasks:17.0.0] AndroidManifest.xml:2:1-9:12
MERGED from [com.google.android.gms:play-services-measurement:17.4.0] AndroidManifest.xml:17:1-46:12
MERGED from [com.google.android.gms:play-services-measurement-sdk:17.4.0] AndroidManifest.xml:17:1-25:12
MERGED from [com.google.android.gms:play-services-measurement-impl:17.4.0] AndroidManifest.xml:17:1-31:12
MERGED from [com.google.android.gms:play-services-measurement-sdk-api:17.4.0] AndroidManifest.xml:17:1-27:12
MERGED from [com.google.android.gms:play-services-measurement-base:17.4.0] AndroidManifest.xml:2:1-9:12
MERGED from [com.google.android.gms:play-services-stats:17.0.0] AndroidManifest.xml:2:1-9:12
MERGED from [com.google.firebase:firebase-measurement-connector:18.0.0] AndroidManifest.xml:17:1-25:12
MERGED from [com.google.android.gms:play-services-ads-identifier:17.0.0] AndroidManifest.xml:17:1-24:12
MERGED from [com.google.android.gms:play-services-basement:17.0.0] AndroidManifest.xml:17:1-28:12
MERGED from [androidx.coordinatorlayout:coordinatorlayout:1.1.0] AndroidManifest.xml:17:1-24:12
MERGED from [androidx.fragment:fragment:1.2.4] AndroidManifest.xml:17:1-24:12
MERGED from [androidx.viewpager:viewpager:1.0.0] AndroidManifest.xml:17:1-22:12
MERGED from [androidx.slidingpanelayout:slidingpanelayout:1.0.0] AndroidManifest.xml:17:1-22:12
MERGED from [androidx.customview:customview:1.0.0] AndroidManifest.xml:17:1-22:12
MERGED from [androidx.transition:transition:1.2.0] AndroidManifest.xml:17:1-24:12
MERGED from [androidx.vectordrawable:vectordrawable-animated:1.1.0] AndroidManifest.xml:17:1-24:12
MERGED from [androidx.vectordrawable:vectordrawable:1.1.0] AndroidManifest.xml:17:1-24:12
MERGED from [androidx.media:media:1.0.0] AndroidManifest.xml:17:1-22:12
MERGED from [androidx.legacy:legacy-support-core-utils:1.0.0] AndroidManifest.xml:17:1-22:12
MERGED from [androidx.loader:loader:1.0.0] AndroidManifest.xml:17:1-22:12
MERGED from [androidx.swiperefreshlayout:swiperefreshlayout:1.0.0] AndroidManifest.xml:17:1-22:12
MERGED from [androidx.asynclayoutinflater:asynclayoutinflater:1.0.0] AndroidManifest.xml:17:1-22:12
MERGED from [androidx.navigation:navigation-runtime:2.2.2] AndroidManifest.xml:17:1-24:12
MERGED from [androidx.activity:activity:1.1.0] AndroidManifest.xml:17:1-24:12
MERGED from [androidx.navigation:navigation-common:2.2.2] AndroidManifest.xml:17:1-24:12
MERGED from [androidx.core:core:1.1.0] AndroidManifest.xml:17:1-26:12
MERGED from [androidx.cursoradapter:cursoradapter:1.0.0] AndroidManifest.xml:17:1-22:12
MERGED from [com.google.firebase:firebase-components:16.0.0] AndroidManifest.xml:15:1-23:12
MERGED from [androidx.localbroadcastmanager:localbroadcastmanager:1.0.0] AndroidManifest.xml:17:1-22:12
MERGED from [com.firebaseui:firebase-ui-common:3.2.2] AndroidManifest.xml:2:1-12:12
MERGED from [androidx.exifinterface:exifinterface:1.0.0] AndroidManifest.xml:17:1-22:12
MERGED from [androidx.lifecycle:lifecycle-process:2.2.0] AndroidManifest.xml:17:1-32:12
MERGED from [androidx.lifecycle:lifecycle-service:2.2.0] AndroidManifest.xml:17:1-24:12
MERGED from [androidx.lifecycle:lifecycle-runtime:2.2.0] AndroidManifest.xml:17:1-24:12
MERGED from [androidx.lifecycle:lifecycle-livedata:2.2.0] AndroidManifest.xml:17:1-24:12
MERGED from [androidx.lifecycle:lifecycle-viewmodel-savedstate:2.2.0] AndroidManifest.xml:17:1-24:12
MERGED from [androidx.lifecycle:lifecycle-livedata-core:2.2.0] AndroidManifest.xml:17:1-24:12
MERGED from [androidx.arch.core:core-runtime:2.1.0] AndroidManifest.xml:17:1-24:12
MERGED from [androidx.savedstate:savedstate:1.0.0] AndroidManifest.xml:17:1-24:12
MERGED from [androidx.lifecycle:lifecycle-viewmodel:2.2.0] AndroidManifest.xml:17:1-24:12
MERGED from [androidx.versionedparcelable:versionedparcelable:1.1.0] AndroidManifest.xml:17:1-27:12
MERGED from [androidx.documentfile:documentfile:1.0.0] AndroidManifest.xml:17:1-22:12
MERGED from [androidx.print:print:1.0.0] AndroidManifest.xml:17:1-22:12
MERGED from [androidx.interpolator:interpolator:1.0.0] AndroidManifest.xml:17:1-22:12
INJECTED from src\main\AndroidManifest.xml:2:1-105:12
INJECTED from src\main\AndroidManifest.xml:2:1-105:12
INJECTED from src\main\AndroidManifest.xml:2:1-105:12
	package
		ADDED from src\main\AndroidManifest.xml:3:5-43
		INJECTED from src\main\AndroidManifest.xml
		INJECTED from src\main\AndroidManifest.xml
	android:versionName
		INJECTED from src\main\AndroidManifest.xml
		ADDED from src\main\AndroidManifest.xml:2:1-105:12
		INJECTED from src\main\AndroidManifest.xml
	android:versionCode
		INJECTED from src\main\AndroidManifest.xml
		ADDED from src\main\AndroidManifest.xml:2:1-105:12
		INJECTED from src\main\AndroidManifest.xml
	xmlns:android
		ADDED from src\main\AndroidManifest.xml:2:11-69
uses-permission#android.permission.ACCESS_FINE_LOCATION
ADDED from src\main\AndroidManifest.xml:5:5-79
	android:name
		ADDED from src\main\AndroidManifest.xml:5:22-76
uses-permission#android.permission.ACCESS_NETWORK_STATE
ADDED from src\main\AndroidManifest.xml:6:5-79
MERGED from [com.google.firebase:firebase-database:19.3.0] AndroidManifest.xml:25:5-79
MERGED from [com.google.firebase:firebase-database:19.3.0] AndroidManifest.xml:25:5-79
MERGED from [com.google.firebase:firebase-storage:19.1.1] AndroidManifest.xml:26:5-79
MERGED from [com.google.firebase:firebase-storage:19.1.1] AndroidManifest.xml:26:5-79
MERGED from [com.google.android.gms:play-services-maps:17.0.0] AndroidManifest.xml:23:5-79
MERGED from [com.google.android.gms:play-services-maps:17.0.0] AndroidManifest.xml:23:5-79
MERGED from [com.google.android.gms:play-services-measurement-api:17.4.0] AndroidManifest.xml:23:5-79
MERGED from [com.google.android.gms:play-services-measurement-api:17.4.0] AndroidManifest.xml:23:5-79
MERGED from [com.google.firebase:firebase-iid:20.1.5] AndroidManifest.xml:22:5-79
MERGED from [com.google.firebase:firebase-iid:20.1.5] AndroidManifest.xml:22:5-79
MERGED from [com.google.firebase:firebase-installations:16.2.1] AndroidManifest.xml:10:5-79
MERGED from [com.google.firebase:firebase-installations:16.2.1] AndroidManifest.xml:10:5-79
MERGED from [com.google.android.gms:play-services-measurement:17.4.0] AndroidManifest.xml:24:5-79
MERGED from [com.google.android.gms:play-services-measurement:17.4.0] AndroidManifest.xml:24:5-79
MERGED from [com.google.android.gms:play-services-measurement-impl:17.4.0] AndroidManifest.xml:24:5-79
MERGED from [com.google.android.gms:play-services-measurement-impl:17.4.0] AndroidManifest.xml:24:5-79
MERGED from [com.google.android.gms:play-services-measurement-sdk-api:17.4.0] AndroidManifest.xml:24:5-79
MERGED from [com.google.android.gms:play-services-measurement-sdk-api:17.4.0] AndroidManifest.xml:24:5-79
	android:name
		ADDED from src\main\AndroidManifest.xml:6:22-76
uses-permission#android.permission.CALL_PHONE
ADDED from src\main\AndroidManifest.xml:7:5-69
	android:name
		ADDED from src\main\AndroidManifest.xml:7:22-66
uses-permission#android.permission.READ_EXTERNAL_STORAGE
ADDED from src\main\AndroidManifest.xml:8:5-80
	android:name
		ADDED from src\main\AndroidManifest.xml:8:22-77
uses-permission#android.permission.INTERNET
ADDED from src\main\AndroidManifest.xml:9:5-67
MERGED from [com.firebaseui:firebase-ui-database:3.2.2] AndroidManifest.xml:11:5-67
MERGED from [com.firebaseui:firebase-ui-database:3.2.2] AndroidManifest.xml:11:5-67
MERGED from [com.google.firebase:firebase-database:19.3.0] AndroidManifest.xml:26:5-67
MERGED from [com.google.firebase:firebase-database:19.3.0] AndroidManifest.xml:26:5-67
MERGED from [com.google.firebase:firebase-storage:19.1.1] AndroidManifest.xml:27:5-67
MERGED from [com.google.firebase:firebase-storage:19.1.1] AndroidManifest.xml:27:5-67
MERGED from [com.google.android.gms:play-services-maps:17.0.0] AndroidManifest.xml:24:5-67
MERGED from [com.google.android.gms:play-services-maps:17.0.0] AndroidManifest.xml:24:5-67
MERGED from [com.google.android.gms:play-services-measurement-api:17.4.0] AndroidManifest.xml:22:5-67
MERGED from [com.google.android.gms:play-services-measurement-api:17.4.0] AndroidManifest.xml:22:5-67
MERGED from [com.google.firebase:firebase-iid:20.1.5] AndroidManifest.xml:23:5-67
MERGED from [com.google.firebase:firebase-iid:20.1.5] AndroidManifest.xml:23:5-67
MERGED from [com.google.firebase:firebase-installations:16.2.1] AndroidManifest.xml:11:5-67
MERGED from [com.google.firebase:firebase-installations:16.2.1] AndroidManifest.xml:11:5-67
MERGED from [com.google.android.gms:play-services-measurement:17.4.0] AndroidManifest.xml:23:5-67
MERGED from [com.google.android.gms:play-services-measurement:17.4.0] AndroidManifest.xml:23:5-67
MERGED from [com.google.android.gms:play-services-measurement-impl:17.4.0] AndroidManifest.xml:23:5-67
MERGED from [com.google.android.gms:play-services-measurement-impl:17.4.0] AndroidManifest.xml:23:5-67
MERGED from [com.google.android.gms:play-services-measurement-sdk-api:17.4.0] AndroidManifest.xml:23:5-67
MERGED from [com.google.android.gms:play-services-measurement-sdk-api:17.4.0] AndroidManifest.xml:23:5-67
	android:name
		ADDED from src\main\AndroidManifest.xml:9:22-64
uses-permission#android.permission.VIBRATE
ADDED from src\main\AndroidManifest.xml:10:5-66
	android:name
		ADDED from src\main\AndroidManifest.xml:10:22-63
application
ADDED from src\main\AndroidManifest.xml:12:5-103:19
MERGED from [com.google.android.material:material:1.1.0] AndroidManifest.xml:22:5-20
MERGED from [com.google.android.material:material:1.1.0] AndroidManifest.xml:22:5-20
MERGED from [com.cepheuen.elegant-number-button:lib:1.0.2] AndroidManifest.xml:11:5-17:19
MERGED from [com.cepheuen.elegant-number-button:lib:1.0.2] AndroidManifest.xml:11:5-17:19
MERGED from [com.nex3z:notification-badge:1.0.2] AndroidManifest.xml:11:5-20
MERGED from [com.nex3z:notification-badge:1.0.2] AndroidManifest.xml:11:5-20
MERGED from [com.airbnb.android:lottie:3.4.0] AndroidManifest.xml:9:5-20
MERGED from [com.airbnb.android:lottie:3.4.0] AndroidManifest.xml:9:5-20
MERGED from [androidx.constraintlayout:constraintlayout:1.1.3] AndroidManifest.xml:9:5-20
MERGED from [androidx.constraintlayout:constraintlayout:1.1.3] AndroidManifest.xml:9:5-20
MERGED from [com.google.firebase:firebase-core:17.4.0] AndroidManifest.xml:7:5-20
MERGED from [com.google.firebase:firebase-core:17.4.0] AndroidManifest.xml:7:5-20
MERGED from [com.google.firebase:firebase-database:19.3.0] AndroidManifest.xml:28:5-36:19
MERGED from [com.google.firebase:firebase-database:19.3.0] AndroidManifest.xml:28:5-36:19
MERGED from [com.google.firebase:firebase-auth:19.3.1] AndroidManifest.xml:23:5-40:19
MERGED from [com.google.firebase:firebase-auth:19.3.1] AndroidManifest.xml:23:5-40:19
MERGED from [com.google.firebase:firebase-storage:19.1.1] AndroidManifest.xml:29:5-37:19
MERGED from [com.google.firebase:firebase-storage:19.1.1] AndroidManifest.xml:29:5-37:19
MERGED from [com.squareup.picasso:picasso:2.71828] AndroidManifest.xml:7:5-12:19
MERGED from [com.squareup.picasso:picasso:2.71828] AndroidManifest.xml:7:5-12:19
MERGED from [io.paperdb:paperdb:2.6] AndroidManifest.xml:12:5-20
MERGED from [io.paperdb:paperdb:2.6] AndroidManifest.xml:12:5-20
MERGED from [de.hdodenhof:circleimageview:2.2.0] AndroidManifest.xml:9:5-20
MERGED from [de.hdodenhof:circleimageview:2.2.0] AndroidManifest.xml:9:5-20
MERGED from [androidx.lifecycle:lifecycle-extensions:2.2.0] AndroidManifest.xml:24:5-25:19
MERGED from [androidx.lifecycle:lifecycle-extensions:2.2.0] AndroidManifest.xml:24:5-25:19
MERGED from [com.google.android.gms:play-services-maps:17.0.0] AndroidManifest.xml:30:5-36:19
MERGED from [com.google.android.gms:play-services-maps:17.0.0] AndroidManifest.xml:30:5-36:19
MERGED from [com.google.firebase:firebase-auth-interop:19.0.0] AndroidManifest.xml:7:5-8:19
MERGED from [com.google.firebase:firebase-auth-interop:19.0.0] AndroidManifest.xml:7:5-8:19
MERGED from [com.google.firebase:firebase-analytics:17.4.0] AndroidManifest.xml:7:5-20
MERGED from [com.google.firebase:firebase-analytics:17.4.0] AndroidManifest.xml:7:5-20
MERGED from [com.google.android.gms:play-services-measurement-api:17.4.0] AndroidManifest.xml:26:5-34:19
MERGED from [com.google.android.gms:play-services-measurement-api:17.4.0] AndroidManifest.xml:26:5-34:19
MERGED from [com.google.firebase:firebase-iid:20.1.5] AndroidManifest.xml:28:5-45:19
MERGED from [com.google.firebase:firebase-iid:20.1.5] AndroidManifest.xml:28:5-45:19
MERGED from [com.google.firebase:firebase-installations:16.2.1] AndroidManifest.xml:13:5-21:19
MERGED from [com.google.firebase:firebase-installations:16.2.1] AndroidManifest.xml:13:5-21:19
MERGED from [com.google.firebase:firebase-common:19.3.0] AndroidManifest.xml:25:5-37:19
MERGED from [com.google.firebase:firebase-common:19.3.0] AndroidManifest.xml:25:5-37:19
MERGED from [com.google.firebase:firebase-iid-interop:17.0.0] AndroidManifest.xml:7:5-8:19
MERGED from [com.google.firebase:firebase-iid-interop:17.0.0] AndroidManifest.xml:7:5-8:19
MERGED from [com.google.android.gms:play-services-base:17.1.0] AndroidManifest.xml:22:5-27:19
MERGED from [com.google.android.gms:play-services-base:17.1.0] AndroidManifest.xml:22:5-27:19
MERGED from [com.google.android.gms:play-services-tasks:17.0.0] AndroidManifest.xml:7:5-20
MERGED from [com.google.android.gms:play-services-tasks:17.0.0] AndroidManifest.xml:7:5-20
MERGED from [com.google.android.gms:play-services-measurement:17.4.0] AndroidManifest.xml:28:5-44:19
MERGED from [com.google.android.gms:play-services-measurement:17.4.0] AndroidManifest.xml:28:5-44:19
MERGED from [com.google.android.gms:play-services-measurement-sdk:17.4.0] AndroidManifest.xml:22:5-23:19
MERGED from [com.google.android.gms:play-services-measurement-sdk:17.4.0] AndroidManifest.xml:22:5-23:19
MERGED from [com.google.android.gms:play-services-measurement-impl:17.4.0] AndroidManifest.xml:28:5-29:19
MERGED from [com.google.android.gms:play-services-measurement-impl:17.4.0] AndroidManifest.xml:28:5-29:19
MERGED from [com.google.android.gms:play-services-measurement-base:17.4.0] AndroidManifest.xml:7:5-20
MERGED from [com.google.android.gms:play-services-measurement-base:17.4.0] AndroidManifest.xml:7:5-20
MERGED from [com.google.android.gms:play-services-stats:17.0.0] AndroidManifest.xml:7:5-20
MERGED from [com.google.android.gms:play-services-stats:17.0.0] AndroidManifest.xml:7:5-20
MERGED from [com.google.firebase:firebase-measurement-connector:18.0.0] AndroidManifest.xml:22:5-23:19
MERGED from [com.google.firebase:firebase-measurement-connector:18.0.0] AndroidManifest.xml:22:5-23:19
MERGED from [com.google.android.gms:play-services-ads-identifier:17.0.0] AndroidManifest.xml:22:5-20
MERGED from [com.google.android.gms:play-services-ads-identifier:17.0.0] AndroidManifest.xml:22:5-20
MERGED from [com.google.android.gms:play-services-basement:17.0.0] AndroidManifest.xml:22:5-26:19
MERGED from [com.google.android.gms:play-services-basement:17.0.0] AndroidManifest.xml:22:5-26:19
MERGED from [androidx.core:core:1.1.0] AndroidManifest.xml:24:5-89
MERGED from [androidx.core:core:1.1.0] AndroidManifest.xml:24:5-89
MERGED from [androidx.lifecycle:lifecycle-process:2.2.0] AndroidManifest.xml:24:5-30:19
MERGED from [androidx.lifecycle:lifecycle-process:2.2.0] AndroidManifest.xml:24:5-30:19
MERGED from [androidx.versionedparcelable:versionedparcelable:1.1.0] AndroidManifest.xml:24:5-25:19
MERGED from [androidx.versionedparcelable:versionedparcelable:1.1.0] AndroidManifest.xml:24:5-25:19
	android:appComponentFactory
		ADDED from [androidx.core:core:1.1.0] AndroidManifest.xml:24:18-86
	android:supportsRtl
		ADDED from src\main\AndroidManifest.xml:17:9-35
	android:label
		ADDED from src\main\AndroidManifest.xml:15:9-41
	android:roundIcon
		ADDED from src\main\AndroidManifest.xml:16:9-54
	android:icon
		ADDED from src\main\AndroidManifest.xml:14:9-43
	android:allowBackup
		ADDED from src\main\AndroidManifest.xml:13:9-35
	android:theme
		ADDED from src\main\AndroidManifest.xml:18:9-40
activity#com.example.ecommerceproject.Home.NotificationActivity
ADDED from src\main\AndroidManifest.xml:19:9-72
	android:name
		ADDED from src\main\AndroidManifest.xml:19:19-60
activity#com.example.ecommerceproject.Home.HelpCenterActivity
ADDED from src\main\AndroidManifest.xml:20:9-61
	android:name
		ADDED from src\main\AndroidManifest.xml:20:19-58
activity#com.example.ecommerceproject.Home.UserSettingsActivity
ADDED from src\main\AndroidManifest.xml:21:9-63
	android:name
		ADDED from src\main\AndroidManifest.xml:21:19-60
activity#com.example.ecommerceproject.Home.WishListActivity
ADDED from src\main\AndroidManifest.xml:22:9-59
	android:name
		ADDED from src\main\AndroidManifest.xml:22:19-56
activity#com.example.ecommerceproject.Home.WelcomeActivity
ADDED from src\main\AndroidManifest.xml:23:9-58
	android:name
		ADDED from src\main\AndroidManifest.xml:23:19-55
activity#com.example.ecommerceproject.Home.OrderPlacedActivity
ADDED from src\main\AndroidManifest.xml:24:9-62
	android:name
		ADDED from src\main\AndroidManifest.xml:24:19-59
activity#com.example.ecommerceproject.Home.CardActivity
ADDED from src\main\AndroidManifest.xml:25:9-55
	android:name
		ADDED from src\main\AndroidManifest.xml:25:19-52
activity#com.example.ecommerceproject.Home.CartActivity
ADDED from src\main\AndroidManifest.xml:26:9-55
	android:name
		ADDED from src\main\AndroidManifest.xml:26:19-52
activity#com.example.ecommerceproject.Home.BuyActivity
ADDED from src\main\AndroidManifest.xml:27:9-54
	android:name
		ADDED from src\main\AndroidManifest.xml:27:19-51
activity#com.example.ecommerceproject.Home.OrderActivity
ADDED from src\main\AndroidManifest.xml:28:9-56
	android:name
		ADDED from src\main\AndroidManifest.xml:28:19-53
activity#com.example.ecommerceproject.Home.CartBuyActivity
ADDED from src\main\AndroidManifest.xml:29:9-58
	android:name
		ADDED from src\main\AndroidManifest.xml:29:19-55
activity#com.example.ecommerceproject.Home.AddDeliveryDetails
ADDED from src\main\AndroidManifest.xml:30:9-61
	android:name
		ADDED from src\main\AndroidManifest.xml:30:19-58
activity#com.example.ecommerceproject.Home.ProductActivity
ADDED from src\main\AndroidManifest.xml:31:9-58
	android:name
		ADDED from src\main\AndroidManifest.xml:31:19-55
activity#com.example.ecommerceproject.Home.ProductMainSubListActivity
ADDED from src\main\AndroidManifest.xml:32:9-69
	android:name
		ADDED from src\main\AndroidManifest.xml:32:19-66
activity#com.example.ecommerceproject.Home.ZhomeActivity
ADDED from src\main\AndroidManifest.xml:33:9-56
	android:name
		ADDED from src\main\AndroidManifest.xml:33:19-53
meta-data#com.google.android.geo.API_KEY
ADDED from src\main\AndroidManifest.xml:35:9-37:55
	android:value
		ADDED from src\main\AndroidManifest.xml:37:13-52
	android:name
		ADDED from src\main\AndroidManifest.xml:36:13-58
activity#com.example.ecommerceproject.Sellers.Company.UserLocation
ADDED from src\main\AndroidManifest.xml:39:9-41:68
	android:label
		ADDED from src\main\AndroidManifest.xml:41:13-65
	android:name
		ADDED from src\main\AndroidManifest.xml:40:13-57
activity#com.example.ecommerceproject.Sellers.Company.AboutCompanyActivity
ADDED from src\main\AndroidManifest.xml:42:9-74
	android:name
		ADDED from src\main\AndroidManifest.xml:42:19-71
activity#com.example.ecommerceproject.Sellers.Company.MapsActivity
ADDED from src\main\AndroidManifest.xml:43:9-45:59
	android:label
		ADDED from src\main\AndroidManifest.xml:45:13-56
	android:name
		ADDED from src\main\AndroidManifest.xml:44:13-57
activity#com.example.ecommerceproject.Sellers.Company.CompanyHomeActivity
ADDED from src\main\AndroidManifest.xml:46:9-73
	android:name
		ADDED from src\main\AndroidManifest.xml:46:19-70
activity#com.example.ecommerceproject.Sellers.ForgotPasswordActivity
ADDED from src\main\AndroidManifest.xml:47:9-68
	android:name
		ADDED from src\main\AndroidManifest.xml:47:19-65
activity#com.example.ecommerceproject.Sellers.Company.VAPActivity
ADDED from src\main\AndroidManifest.xml:48:9-65
	android:name
		ADDED from src\main\AndroidManifest.xml:48:19-62
activity#com.example.ecommerceproject.Sellers.Company.CompanyAddProductActivity
ADDED from src\main\AndroidManifest.xml:49:9-79
	android:name
		ADDED from src\main\AndroidManifest.xml:49:19-76
activity#com.example.ecommerceproject.Sellers.AboutActivity
ADDED from src\main\AndroidManifest.xml:50:9-59
	android:name
		ADDED from src\main\AndroidManifest.xml:50:19-56
activity#com.example.ecommerceproject.Sellers.Company.EditCompanyInfoActivity
ADDED from src\main\AndroidManifest.xml:51:9-77
	android:name
		ADDED from src\main\AndroidManifest.xml:51:19-74
activity#com.example.ecommerceproject.Sellers.Company.BusinessDetailsAddActivity
ADDED from src\main\AndroidManifest.xml:52:9-80
	android:name
		ADDED from src\main\AndroidManifest.xml:52:19-77
activity#com.example.ecommerceproject.Sellers.Company.BusinessRegisterActivity
ADDED from src\main\AndroidManifest.xml:53:9-78
	android:name
		ADDED from src\main\AndroidManifest.xml:53:19-75
activity#com.example.ecommerceproject.Sellers.EditUserInfoActivity
ADDED from src\main\AndroidManifest.xml:54:9-66
	android:name
		ADDED from src\main\AndroidManifest.xml:54:19-63
activity#com.example.ecommerceproject.Sellers.AddSellerDetailsActivity
ADDED from src\main\AndroidManifest.xml:55:9-70
	android:name
		ADDED from src\main\AndroidManifest.xml:55:19-67
activity#com.example.ecommerceproject.Sellers.PhoneVerifyActivity
ADDED from src\main\AndroidManifest.xml:56:9-65
	android:name
		ADDED from src\main\AndroidManifest.xml:56:19-62
activity#com.example.ecommerceproject.Sellers.SettingsActivity
ADDED from src\main\AndroidManifest.xml:57:9-62
	android:name
		ADDED from src\main\AndroidManifest.xml:57:19-59
activity#com.example.ecommerceproject.Sellers.EmailVerifyActivity
ADDED from src\main\AndroidManifest.xml:58:9-65
	android:name
		ADDED from src\main\AndroidManifest.xml:58:19-62
activity#com.example.ecommerceproject.Sellers.SplashActivity
ADDED from src\main\AndroidManifest.xml:59:9-60
	android:name
		ADDED from src\main\AndroidManifest.xml:59:19-57
activity#com.example.ecommerceproject.Home.ShopActivity
ADDED from src\main\AndroidManifest.xml:60:9-55
	android:name
		ADDED from src\main\AndroidManifest.xml:60:19-52
activity#com.example.ecommerceproject.Admin.AdminCheckNewProductsActivity
ADDED from src\main\AndroidManifest.xml:61:9-73
	android:name
		ADDED from src\main\AndroidManifest.xml:61:19-70
activity#com.example.ecommerceproject.Admin.AdminHomeActivity
ADDED from src\main\AndroidManifest.xml:62:9-61
	android:name
		ADDED from src\main\AndroidManifest.xml:62:19-58
activity#com.example.ecommerceproject.Sellers.Main2Activity
ADDED from src\main\AndroidManifest.xml:63:9-65:66
	android:label
		ADDED from src\main\AndroidManifest.xml:65:13-63
	android:name
		ADDED from src\main\AndroidManifest.xml:64:13-50
activity#com.example.ecommerceproject.Sellers.SellerLoginActivity
ADDED from src\main\AndroidManifest.xml:66:9-65
	android:name
		ADDED from src\main\AndroidManifest.xml:66:19-62
activity#com.example.ecommerceproject.Sellers.SellerRegistrationActivity
ADDED from src\main\AndroidManifest.xml:67:9-72
	android:name
		ADDED from src\main\AndroidManifest.xml:67:19-69
activity#com.example.ecommerceproject.Home.ResetPasswordActivity
ADDED from src\main\AndroidManifest.xml:68:9-64
	android:name
		ADDED from src\main\AndroidManifest.xml:68:19-61
activity#com.example.ecommerceproject.Sellers.SellerMaintainProductsActivity
ADDED from src\main\AndroidManifest.xml:69:9-76
	android:name
		ADDED from src\main\AndroidManifest.xml:69:19-73
activity#com.example.ecommerceproject.Home.SearchProductsActivity
ADDED from src\main\AndroidManifest.xml:70:9-65
	android:name
		ADDED from src\main\AndroidManifest.xml:70:19-62
activity#com.example.ecommerceproject.Sellers.SellerUseProductsActivity
ADDED from src\main\AndroidManifest.xml:71:9-71
	android:name
		ADDED from src\main\AndroidManifest.xml:71:19-68
activity#com.example.ecommerceproject.Admin.AdminNewOrdersActivity
ADDED from src\main\AndroidManifest.xml:72:9-66
	android:name
		ADDED from src\main\AndroidManifest.xml:72:19-63
activity#com.example.ecommerceproject.Sellers.SellerNewOrdersActivity
ADDED from src\main\AndroidManifest.xml:73:9-69
	android:name
		ADDED from src\main\AndroidManifest.xml:73:19-66
activity#com.example.ecommerceproject.Buyers.ConfirmFinalOrderActivity
ADDED from src\main\AndroidManifest.xml:74:9-70
	android:name
		ADDED from src\main\AndroidManifest.xml:74:19-67
activity#com.example.ecommerceproject.Buyers.CartActivity
ADDED from src\main\AndroidManifest.xml:75:9-57
	android:name
		ADDED from src\main\AndroidManifest.xml:75:19-54
activity#com.example.ecommerceproject.Buyers.ProductDetailsActivity
ADDED from src\main\AndroidManifest.xml:76:9-67
	android:name
		ADDED from src\main\AndroidManifest.xml:76:19-64
activity#com.example.ecommerceproject.Home.EditInfoActivity
ADDED from src\main\AndroidManifest.xml:77:9-59
	android:name
		ADDED from src\main\AndroidManifest.xml:77:19-56
activity#com.example.ecommerceproject.Admin.MainMenu
ADDED from src\main\AndroidManifest.xml:78:9-51
	android:name
		ADDED from src\main\AndroidManifest.xml:78:19-49
activity#com.example.ecommerceproject.Admin.AdminAddNewProductActivity
ADDED from src\main\AndroidManifest.xml:79:9-69
	android:name
		ADDED from src\main\AndroidManifest.xml:79:19-67
activity#com.example.ecommerceproject.Admin.AdminCategoryActivity
ADDED from src\main\AndroidManifest.xml:80:9-64
	android:name
		ADDED from src\main\AndroidManifest.xml:80:19-62
activity#com.example.ecommerceproject.Admin.AdminMaintainProductsActivity
ADDED from src\main\AndroidManifest.xml:81:9-72
	android:name
		ADDED from src\main\AndroidManifest.xml:81:19-70
activity#com.example.ecommerceproject.Home.HomeActivity
ADDED from src\main\AndroidManifest.xml:83:9-86:59
	android:label
		ADDED from src\main\AndroidManifest.xml:85:13-56
	android:theme
		ADDED from src\main\AndroidManifest.xml:86:13-56
	android:name
		ADDED from src\main\AndroidManifest.xml:84:13-46
activity#com.example.ecommerceproject.Sellers.SellerCategoryActivity
ADDED from src\main\AndroidManifest.xml:87:9-68
	android:name
		ADDED from src\main\AndroidManifest.xml:87:19-65
activity#com.example.ecommerceproject.Sellers.SellerAddNewProductActivity